2025-04-24 12:15:33,722 [INFO] Activator:176 - 


2025-04-24 12:15:33,728 [INFO] Activator:177 - !SESSION log4j initialized
2025-04-24 12:15:39,691 [INFO] LogOutputStream:77 - [STDOUT_REDIRECT] 
2025-04-24 12:15:40,705 [INFO] ApplicationProperties:184 - Using Application install path: C:\ST\STM32CubeIDE_1.18.0\STM32CubeIDE\plugins\com.st.stm32cube.common.mx_6.14.0.202502271554
2025-04-24 12:15:40,724 [INFO] DbMcusXml:78 - Set database path to: C:\ST\STM32CubeIDE_1.18.0\STM32CubeIDE\plugins\com.st.stm32cube.common.mx_6.14.0.202502271554\\db\/mcu/
2025-04-24 12:15:40,724 [INFO] ApiDb:274 - Set plugin database path to: C:\ST\STM32CubeIDE_1.18.0\STM32CubeIDE\plugins\com.st.stm32cube.common.mx_6.14.0.202502271554\\db\/plugins/boardmanager/
2025-04-24 12:15:40,725 [WARN] ApiDb:259 - Overriding images path with different value:  => C:\ST\STM32CubeIDE_1.18.0\STM32CubeIDE\plugins\com.st.stm32cube.common.mx_6.14.0.202502271554\\db\/plugins/mcufinder/images/
2025-04-24 12:15:40,736 [INFO] ApiDb:250 - Set database path to: C:\Users\kyle\.stmcufinder\plugins\mcufinder//mcu/
2025-04-24 12:15:40,738 [INFO] DbMcusAds:125 - Set database path to: C:\Users\kyle\.stmcufinder\plugins\mcufinder//mcu/
2025-04-24 12:15:40,741 [INFO] CrossReferenceDbSqlite:203 - Set database path to: C:\Users\kyle\.stmcufinder\plugins\mcufinder//mcu/cs/
2025-04-24 12:15:40,881 [INFO] RulesReader:64 - Compatibility file has been processed (301 Rules)
2025-04-24 12:15:41,027 [INFO] DbMcusXml:78 - Set database path to: C:\ST\STM32CubeIDE_1.18.0\STM32CubeIDE\plugins\com.st.stm32cube.common.mx_6.14.0.202502271554\\db\/mcu/
2025-04-24 12:15:41,027 [INFO] ApiDb:274 - Set plugin database path to: C:\ST\STM32CubeIDE_1.18.0\STM32CubeIDE\plugins\com.st.stm32cube.common.mx_6.14.0.202502271554\\db\/plugins/boardmanager/
2025-04-24 12:15:41,027 [INFO] ApiDb:261 - Set plugin images path to: C:\ST\STM32CubeIDE_1.18.0\STM32CubeIDE\plugins\com.st.stm32cube.common.mx_6.14.0.202502271554\\db\/plugins/mcufinder/images/
2025-04-24 12:15:41,028 [WARN] DbFile:41 - Overriding database path with different value: C:\Users\kyle\.stmcufinder\plugins\mcufinder/ => C:\Users\kyle\.stmcufinder\plugins\mcufinder
2025-04-24 12:15:41,028 [INFO] ApiDb:250 - Set database path to: C:\Users\kyle\.stmcufinder\plugins\mcufinder//mcu/
2025-04-24 12:15:41,028 [WARN] DbFile:41 - Overriding database path with different value: C:\Users\kyle\.stmcufinder\plugins\mcufinder/ => C:\Users\kyle\.stmcufinder\plugins\mcufinder
2025-04-24 12:15:41,028 [INFO] DbMcusAds:125 - Set database path to: C:\Users\kyle\.stmcufinder\plugins\mcufinder//mcu/
2025-04-24 12:15:41,028 [WARN] DbFile:41 - Overriding database path with different value: C:\Users\kyle\.stmcufinder\plugins\mcufinder/ => C:\Users\kyle\.stmcufinder\plugins\mcufinder
2025-04-24 12:15:41,028 [WARN] DbFile:41 - Overriding database path with different value: C:\Users\kyle\.stmcufinder\plugins\mcufinder/ => C:\Users\kyle\.stmcufinder\plugins\mcufinder
2025-04-24 12:15:41,029 [INFO] CrossReferenceDbSqlite:203 - Set database path to: C:\Users\kyle\.stmcufinder\plugins\mcufinder//mcu/cs/
2025-04-24 12:15:41,123 [INFO] MainPanel:272 - HeapMemory: 268435456
2025-04-24 12:15:41,230 [INFO] DbMcusXml:78 - Set database path to: C:\ST\STM32CubeIDE_1.18.0\STM32CubeIDE\plugins\com.st.stm32cube.common.mx_6.14.0.202502271554\\db\/mcu/
2025-04-24 12:15:41,230 [INFO] ApiDb:274 - Set plugin database path to: C:\ST\STM32CubeIDE_1.18.0\STM32CubeIDE\plugins\com.st.stm32cube.common.mx_6.14.0.202502271554\\db\/plugins/boardmanager/
2025-04-24 12:15:41,230 [INFO] ApiDb:261 - Set plugin images path to: C:\ST\STM32CubeIDE_1.18.0\STM32CubeIDE\plugins\com.st.stm32cube.common.mx_6.14.0.202502271554\\db\/plugins/mcufinder/images/
2025-04-24 12:15:41,230 [WARN] DbFile:41 - Overriding database path with different value: C:\Users\kyle\.stmcufinder\plugins\mcufinder/ => C:\Users\kyle\.stmcufinder\plugins\mcufinder
2025-04-24 12:15:41,230 [INFO] ApiDb:250 - Set database path to: C:\Users\kyle\.stmcufinder\plugins\mcufinder//mcu/
2025-04-24 12:15:41,230 [WARN] DbFile:41 - Overriding database path with different value: C:\Users\kyle\.stmcufinder\plugins\mcufinder/ => C:\Users\kyle\.stmcufinder\plugins\mcufinder
2025-04-24 12:15:41,230 [INFO] DbMcusAds:125 - Set database path to: C:\Users\kyle\.stmcufinder\plugins\mcufinder//mcu/
2025-04-24 12:15:41,231 [WARN] DbFile:41 - Overriding database path with different value: C:\Users\kyle\.stmcufinder\plugins\mcufinder/ => C:\Users\kyle\.stmcufinder\plugins\mcufinder
2025-04-24 12:15:41,231 [WARN] DbFile:41 - Overriding database path with different value: C:\Users\kyle\.stmcufinder\plugins\mcufinder/ => C:\Users\kyle\.stmcufinder\plugins\mcufinder
2025-04-24 12:15:41,231 [INFO] CrossReferenceDbSqlite:203 - Set database path to: C:\Users\kyle\.stmcufinder\plugins\mcufinder//mcu/cs/
2025-04-24 12:15:41,249 [INFO] ApplicationProperties:184 - Using Application install path: C:\ST\STM32CubeIDE_1.18.0\STM32CubeIDE\plugins\com.st.stm32cube.common.mx_6.14.0.202502271554
2025-04-24 12:15:41,250 [INFO] PluginManage:196 - Search for loadable plugins [exclusion list=, ]
2025-04-24 12:15:41,252 [INFO] PluginManage:310 - Check plugin analytics
2025-04-24 12:15:41,426 [INFO] AnalyticsPlugin:253 - Accepted Software Licenses: 
2025-04-24 12:15:41,426 [INFO] AnalyticsPlugin:255 - Accepted CMSIS Pack Licenses: 
2025-04-24 12:15:41,426 [INFO] AnalyticsPlugin:257 - Accepted Firmware Licenses: FW.F4.1.28.0
2025-04-24 12:15:41,430 [INFO] PluginManage:359 - Loaded plugin analytics (category:tool,tabindex:-1)
2025-04-24 12:15:41,430 [INFO] PluginManage:310 - Check plugin cadmodel
2025-04-24 12:15:41,437 [INFO] CADModel:105 - Init CAD model plugin
2025-04-24 12:15:41,438 [INFO] PluginManage:359 - Loaded plugin cadmodel (category:power,tabindex:5)
2025-04-24 12:15:41,438 [INFO] PluginManage:310 - Check plugin clock
2025-04-24 12:15:41,449 [INFO] PluginManage:359 - Loaded plugin clock (category:base,tabindex:2)
2025-04-24 12:15:41,449 [INFO] PluginManage:310 - Check plugin ddr
2025-04-24 12:15:41,452 [INFO] PluginManage:359 - Loaded plugin ddr (category:tool,tabindex:6)
2025-04-24 12:15:41,453 [INFO] PluginManage:310 - Check plugin filemanager
2025-04-24 12:15:41,591 [INFO] PluginManage:359 - Loaded plugin filemanager (category:base,tabindex:10)
2025-04-24 12:15:41,591 [INFO] PluginManage:310 - Check plugin ipmanager
2025-04-24 12:15:41,598 [INFO] PluginManage:359 - Loaded plugin ipmanager (category:base,tabindex:5)
2025-04-24 12:15:41,598 [INFO] PluginManage:310 - Check plugin lpbam
2025-04-24 12:15:41,606 [INFO] PluginManage:359 - Loaded plugin lpbam (category:base,tabindex:0)
2025-04-24 12:15:41,606 [INFO] PluginManage:310 - Check plugin memorymap
2025-04-24 12:15:41,621 [INFO] PluginManage:359 - Loaded plugin memorymap (category:base,tabindex:4)
2025-04-24 12:15:41,621 [INFO] PluginManage:310 - Check plugin pinoutandconfiguration
2025-04-24 12:15:41,631 [INFO] PluginManage:359 - Loaded plugin pinoutandconfiguration (category:base,tabindex:1)
2025-04-24 12:15:41,631 [INFO] PluginManage:310 - Check plugin pinoutconfig
2025-04-24 12:15:41,728 [WARN] SupportedApi:132 - Cannot load RTOS API schema: s4s-elt-must-match.1: The content of 'definitions' must match (annotation?, (simpleType | complexType)?, (unique | key | keyref)*)). A problem was found starting at: attribute.
2025-04-24 12:15:41,891 [INFO] PluginManage:359 - Loaded plugin pinoutconfig (category:base,tabindex:0)
2025-04-24 12:15:41,892 [INFO] PluginManage:310 - Check plugin power
2025-04-24 12:15:41,904 [INFO] PluginManage:359 - Loaded plugin power (category:power,tabindex:4)
2025-04-24 12:15:41,905 [INFO] PluginManage:310 - Check plugin projectmanager
2025-04-24 12:15:41,922 [INFO] PluginManage:359 - Loaded plugin projectmanager (category:projectmanager,tabindex:4)
2025-04-24 12:15:41,922 [INFO] PluginManage:310 - Check plugin rif
2025-04-24 12:15:41,933 [INFO] PluginManage:359 - Loaded plugin rif (category:base,tabindex:3)
2025-04-24 12:15:41,933 [INFO] PluginManage:310 - Check plugin thirdparty
2025-04-24 12:15:42,078 [WARN] IntegrityCheckThread:84 - waiting for thirdparty lock release [integrity check]
2025-04-24 12:15:42,078 [INFO] IntegrityCheckThread:86 - entering critical section [integrity check]
2025-04-24 12:15:42,078 [INFO] PluginManage:359 - Loaded plugin thirdparty (category:base,tabindex:-1)
2025-04-24 12:15:42,078 [INFO] PluginManage:310 - Check plugin tools
2025-04-24 12:15:42,079 [INFO] ThirdPartyUpdaterWithRetryManager:70 - Updater plugin not ready yet. [1/15]
2025-04-24 12:15:42,083 [INFO] PluginManage:359 - Loaded plugin tools (category:base,tabindex:7)
2025-04-24 12:15:42,083 [INFO] PluginManage:310 - Check plugin tutovideos
2025-04-24 12:15:42,285 [INFO] PluginManage:359 - Loaded plugin tutovideos (category:base,tabindex:-1)
2025-04-24 12:15:42,286 [INFO] PluginManage:310 - Check plugin updater
2025-04-24 12:15:42,314 [INFO] PluginManage:359 - Loaded plugin updater (category:base,tabindex:12)
2025-04-24 12:15:42,315 [INFO] PluginManage:310 - Check plugin userauth
2025-04-24 12:15:42,319 [INFO] UserAuth:118 - Init User Auth plugin
2025-04-24 12:15:42,321 [INFO] PluginManage:359 - Loaded plugin userauth (category:base,tabindex:14)
2025-04-24 12:15:42,321 [INFO] PluginManage:283 - PluginManage : Loaded plugins [18]
2025-04-24 12:15:42,592 [INFO] PinOutPanel:1589 - setPackage(No Configuration,No Configuration)
2025-04-24 12:15:42,678 [INFO] CADModel:165 - CPN selected for project level
2025-04-24 12:15:42,679 [INFO] CADModel:114 - Register for checkConnection events
2025-04-24 12:15:42,700 [INFO] IPUIPlugin:80 - create IPUIPlugin
2025-04-24 12:15:42,700 [INFO] PluginManager:220 - loadIPPluginJar : add adc
2025-04-24 12:15:42,705 [INFO] IPUIPlugin:80 - create IPUIPlugin
2025-04-24 12:15:42,705 [INFO] PluginManager:220 - loadIPPluginJar : add aes
2025-04-24 12:15:42,710 [INFO] IPUIPlugin:80 - create IPUIPlugin
2025-04-24 12:15:42,710 [INFO] PluginManager:220 - loadIPPluginJar : add can
2025-04-24 12:15:42,713 [INFO] IPUIPlugin:80 - create IPUIPlugin
2025-04-24 12:15:42,713 [INFO] PluginManager:220 - loadIPPluginJar : add comp
2025-04-24 12:15:42,717 [INFO] IPUIPlugin:80 - create IPUIPlugin
2025-04-24 12:15:42,717 [INFO] PluginManager:220 - loadIPPluginJar : add cryp
2025-04-24 12:15:42,722 [INFO] IPUIPlugin:80 - create IPUIPlugin
2025-04-24 12:15:42,722 [INFO] PluginManager:220 - loadIPPluginJar : add ddr_ctrl_phy
2025-04-24 12:15:42,726 [INFO] IPUIPlugin:80 - create IPUIPlugin
2025-04-24 12:15:42,726 [INFO] PluginManager:220 - loadIPPluginJar : add dfsdm
2025-04-24 12:15:42,733 [INFO] IPUIPlugin:80 - create IPUIPlugin
2025-04-24 12:15:42,734 [INFO] PluginManager:220 - loadIPPluginJar : add dma
2025-04-24 12:15:42,740 [INFO] IPUIPlugin:80 - create IPUIPlugin
2025-04-24 12:15:42,740 [INFO] PluginManager:220 - loadIPPluginJar : add dma3
2025-04-24 12:15:42,744 [INFO] IPUIPlugin:80 - create IPUIPlugin
2025-04-24 12:15:42,744 [INFO] PluginManager:220 - loadIPPluginJar : add extmemmanager
2025-04-24 12:15:42,746 [INFO] IPUIPlugin:80 - create IPUIPlugin
2025-04-24 12:15:42,746 [INFO] PluginManager:220 - loadIPPluginJar : add fatfs
2025-04-24 12:15:42,752 [INFO] IPUIPlugin:80 - create IPUIPlugin
2025-04-24 12:15:42,752 [INFO] PluginManager:220 - loadIPPluginJar : add fmc
2025-04-24 12:15:42,760 [INFO] IPUIPlugin:80 - create IPUIPlugin
2025-04-24 12:15:42,761 [INFO] PluginManager:220 - loadIPPluginJar : add freertos
2025-04-24 12:15:42,763 [INFO] IPUIPlugin:80 - create IPUIPlugin
2025-04-24 12:15:42,763 [INFO] PluginManager:220 - loadIPPluginJar : add genericplugin
2025-04-24 12:15:42,766 [INFO] IPUIPlugin:80 - create IPUIPlugin
2025-04-24 12:15:42,766 [INFO] PluginManager:220 - loadIPPluginJar : add gfxmmu
2025-04-24 12:15:42,773 [INFO] IPUIPlugin:80 - create IPUIPlugin
2025-04-24 12:15:42,774 [INFO] PluginManager:220 - loadIPPluginJar : add gic
2025-04-24 12:15:42,780 [INFO] IPUIPlugin:80 - create IPUIPlugin
2025-04-24 12:15:42,780 [INFO] PluginManager:220 - loadIPPluginJar : add gpio
2025-04-24 12:15:42,784 [INFO] IPUIPlugin:80 - create IPUIPlugin
2025-04-24 12:15:42,784 [INFO] PluginManager:220 - loadIPPluginJar : add gtzc
2025-04-24 12:15:42,788 [INFO] IPUIPlugin:80 - create IPUIPlugin
2025-04-24 12:15:42,788 [INFO] PluginManager:220 - loadIPPluginJar : add hash
2025-04-24 12:15:42,792 [INFO] IPUIPlugin:80 - create IPUIPlugin
2025-04-24 12:15:42,793 [INFO] PluginManager:220 - loadIPPluginJar : add i2c
2025-04-24 12:15:42,797 [INFO] IPUIPlugin:80 - create IPUIPlugin
2025-04-24 12:15:42,798 [INFO] PluginManager:220 - loadIPPluginJar : add i2s
2025-04-24 12:15:42,803 [INFO] IPUIPlugin:80 - create IPUIPlugin
2025-04-24 12:15:42,804 [INFO] PluginManager:220 - loadIPPluginJar : add i3c
2025-04-24 12:15:42,809 [INFO] IPUIPlugin:80 - create IPUIPlugin
2025-04-24 12:15:42,810 [INFO] PluginManager:220 - loadIPPluginJar : add ipddr
2025-04-24 12:15:42,821 [INFO] IPUIPlugin:80 - create IPUIPlugin
2025-04-24 12:15:42,821 [INFO] PluginManager:220 - loadIPPluginJar : add linkedlist
2025-04-24 12:15:42,826 [INFO] IPUIPlugin:80 - create IPUIPlugin
2025-04-24 12:15:42,826 [INFO] PluginManager:220 - loadIPPluginJar : add lorawan
2025-04-24 12:15:42,828 [INFO] IPUIPlugin:80 - create IPUIPlugin
2025-04-24 12:15:42,829 [INFO] PluginManager:220 - loadIPPluginJar : add ltdc
2025-04-24 12:15:42,837 [INFO] IPUIPlugin:80 - create IPUIPlugin
2025-04-24 12:15:42,838 [INFO] PluginManager:220 - loadIPPluginJar : add mdma
2025-04-24 12:15:42,843 [INFO] IPUIPlugin:80 - create IPUIPlugin
2025-04-24 12:15:42,843 [INFO] PluginManager:220 - loadIPPluginJar : add nvic
2025-04-24 12:15:42,848 [INFO] IPUIPlugin:80 - create IPUIPlugin
2025-04-24 12:15:42,849 [INFO] PluginManager:220 - loadIPPluginJar : add opamp
2025-04-24 12:15:42,854 [INFO] IPUIPlugin:80 - create IPUIPlugin
2025-04-24 12:15:42,855 [INFO] PluginManager:220 - loadIPPluginJar : add openamp
2025-04-24 12:15:42,860 [INFO] IPUIPlugin:80 - create IPUIPlugin
2025-04-24 12:15:42,860 [INFO] PluginManager:220 - loadIPPluginJar : add pdm2pcm
2025-04-24 12:15:42,870 [INFO] IPUIPlugin:80 - create IPUIPlugin
2025-04-24 12:15:42,874 [INFO] PluginManager:220 - loadIPPluginJar : add plateformsettings
2025-04-24 12:15:42,876 [INFO] IPUIPlugin:80 - create IPUIPlugin
2025-04-24 12:15:42,877 [INFO] PluginManager:220 - loadIPPluginJar : add quadspi
2025-04-24 12:15:42,880 [INFO] IPUIPlugin:80 - create IPUIPlugin
2025-04-24 12:15:42,881 [INFO] PluginManager:220 - loadIPPluginJar : add radio
2025-04-24 12:15:42,887 [INFO] IPUIPlugin:80 - create IPUIPlugin
2025-04-24 12:15:42,888 [INFO] PluginManager:220 - loadIPPluginJar : add resmgrutility
2025-04-24 12:15:42,893 [INFO] IPUIPlugin:80 - create IPUIPlugin
2025-04-24 12:15:42,893 [INFO] PluginManager:220 - loadIPPluginJar : add sai
2025-04-24 12:15:42,897 [INFO] IPUIPlugin:80 - create IPUIPlugin
2025-04-24 12:15:42,897 [INFO] PluginManager:220 - loadIPPluginJar : add spi
2025-04-24 12:15:42,906 [INFO] IPUIPlugin:80 - create IPUIPlugin
2025-04-24 12:15:42,907 [INFO] PluginManager:220 - loadIPPluginJar : add stm32_wpan
2025-04-24 12:15:42,909 [INFO] IPUIPlugin:80 - create IPUIPlugin
2025-04-24 12:15:42,909 [INFO] PluginManager:220 - loadIPPluginJar : add tim
2025-04-24 12:15:42,913 [INFO] IPUIPlugin:80 - create IPUIPlugin
2025-04-24 12:15:42,914 [INFO] PluginManager:220 - loadIPPluginJar : add touchsensing
2025-04-24 12:15:42,917 [INFO] IPUIPlugin:80 - create IPUIPlugin
2025-04-24 12:15:42,917 [INFO] PluginManager:220 - loadIPPluginJar : add tracer_emb
2025-04-24 12:15:42,920 [INFO] IPUIPlugin:80 - create IPUIPlugin
2025-04-24 12:15:42,921 [INFO] PluginManager:220 - loadIPPluginJar : add ts
2025-04-24 12:15:42,923 [INFO] IPUIPlugin:80 - create IPUIPlugin
2025-04-24 12:15:42,923 [INFO] PluginManager:220 - loadIPPluginJar : add tsc
2025-04-24 12:15:42,926 [INFO] IPUIPlugin:80 - create IPUIPlugin
2025-04-24 12:15:42,926 [INFO] PluginManager:220 - loadIPPluginJar : add ucpd
2025-04-24 12:15:42,930 [INFO] IPUIPlugin:80 - create IPUIPlugin
2025-04-24 12:15:42,930 [INFO] PluginManager:220 - loadIPPluginJar : add usart
2025-04-24 12:15:42,936 [INFO] IPUIPlugin:80 - create IPUIPlugin
2025-04-24 12:15:42,936 [INFO] PluginManager:220 - loadIPPluginJar : add usbx
2025-04-24 12:15:43,090 [FATAL] Updater:351 - Updater called before beeing initialized
2025-04-24 12:15:43,130 [INFO] RulesReader:64 - Compatibility file has been processed (301 Rules)
2025-04-24 12:15:43,147 [INFO] RulesReader:64 - Compatibility file has been processed (301 Rules)
2025-04-24 12:15:43,159 [INFO] CADModel:165 - CPN selected for project level
2025-04-24 12:15:43,159 [INFO] CADModel:114 - Register for checkConnection events
2025-04-24 12:15:43,160 [FATAL] Updater:351 - Updater called before beeing initialized
2025-04-24 12:15:43,160 [ERROR] CADModel:125 - Updater not yet initialized, retry later 
2025-04-24 12:15:43,428 [FATAL] Updater:351 - Updater called before beeing initialized
2025-04-24 12:15:43,431 [INFO] CADModel:165 - CPN selected for project level
2025-04-24 12:15:43,431 [INFO] CADModel:114 - Register for checkConnection events
2025-04-24 12:15:43,431 [FATAL] Updater:351 - Updater called before beeing initialized
2025-04-24 12:15:43,431 [ERROR] CADModel:125 - Updater not yet initialized, retry later 
2025-04-24 12:15:43,435 [FATAL] Updater:351 - Updater called before beeing initialized
2025-04-24 12:15:43,612 [FATAL] Updater:351 - Updater called before beeing initialized
2025-04-24 12:15:43,620 [INFO] DbMcusAds:53 - JSON generation date=Thu Mar 06 06:54:22 PST 2025 (1741272862078)
2025-04-24 12:15:43,620 [FATAL] Updater:351 - Updater called before beeing initialized
2025-04-24 12:15:43,679 [WARN] DetailPanel:346 - Failed to get advertising image, set to default
2025-04-24 12:15:43,974 [ERROR] IconsList:413 - IO error while reading file com/st/microxplorer/image/ad/ad03.png
