2025-04-16 11:07:04,244 [INFO] Activator:176 - 


2025-04-16 11:07:04,250 [INFO] Activator:177 - !SESSION log4j initialized
2025-04-16 11:07:09,373 [INFO] LogOutputStream:77 - [STDOUT_REDIRECT] 
2025-04-16 11:07:10,220 [INFO] ApplicationProperties:184 - Using Application install path: C:\ST\STM32CubeIDE_1.18.0\STM32CubeIDE\plugins\com.st.stm32cube.common.mx_6.14.0.202502271554
2025-04-16 11:07:10,240 [INFO] DbMcusXml:78 - Set database path to: C:\ST\STM32CubeIDE_1.18.0\STM32CubeIDE\plugins\com.st.stm32cube.common.mx_6.14.0.202502271554\\db\/mcu/
2025-04-16 11:07:10,240 [INFO] ApiDb:274 - Set plugin database path to: C:\ST\STM32CubeIDE_1.18.0\STM32CubeIDE\plugins\com.st.stm32cube.common.mx_6.14.0.202502271554\\db\/plugins/boardmanager/
2025-04-16 11:07:10,241 [WARN] ApiDb:259 - Overriding images path with different value:  => C:\ST\STM32CubeIDE_1.18.0\STM32CubeIDE\plugins\com.st.stm32cube.common.mx_6.14.0.202502271554\\db\/plugins/mcufinder/images/
2025-04-16 11:07:10,256 [INFO] ApiDb:250 - Set database path to: C:\Users\kyle\.stmcufinder\plugins\mcufinder//mcu/
2025-04-16 11:07:10,257 [INFO] DbMcusAds:125 - Set database path to: C:\Users\kyle\.stmcufinder\plugins\mcufinder//mcu/
2025-04-16 11:07:10,262 [INFO] CrossReferenceDbSqlite:203 - Set database path to: C:\Users\kyle\.stmcufinder\plugins\mcufinder//mcu/cs/
2025-04-16 11:07:10,411 [INFO] RulesReader:64 - Compatibility file has been processed (301 Rules)
2025-04-16 11:07:10,528 [INFO] DbMcusXml:78 - Set database path to: C:\ST\STM32CubeIDE_1.18.0\STM32CubeIDE\plugins\com.st.stm32cube.common.mx_6.14.0.202502271554\\db\/mcu/
2025-04-16 11:07:10,529 [INFO] ApiDb:274 - Set plugin database path to: C:\ST\STM32CubeIDE_1.18.0\STM32CubeIDE\plugins\com.st.stm32cube.common.mx_6.14.0.202502271554\\db\/plugins/boardmanager/
2025-04-16 11:07:10,529 [INFO] ApiDb:261 - Set plugin images path to: C:\ST\STM32CubeIDE_1.18.0\STM32CubeIDE\plugins\com.st.stm32cube.common.mx_6.14.0.202502271554\\db\/plugins/mcufinder/images/
2025-04-16 11:07:10,529 [WARN] DbFile:41 - Overriding database path with different value: C:\Users\kyle\.stmcufinder\plugins\mcufinder/ => C:\Users\kyle\.stmcufinder\plugins\mcufinder
2025-04-16 11:07:10,529 [INFO] ApiDb:250 - Set database path to: C:\Users\kyle\.stmcufinder\plugins\mcufinder//mcu/
2025-04-16 11:07:10,529 [WARN] DbFile:41 - Overriding database path with different value: C:\Users\kyle\.stmcufinder\plugins\mcufinder/ => C:\Users\kyle\.stmcufinder\plugins\mcufinder
2025-04-16 11:07:10,529 [INFO] DbMcusAds:125 - Set database path to: C:\Users\kyle\.stmcufinder\plugins\mcufinder//mcu/
2025-04-16 11:07:10,530 [WARN] DbFile:41 - Overriding database path with different value: C:\Users\kyle\.stmcufinder\plugins\mcufinder/ => C:\Users\kyle\.stmcufinder\plugins\mcufinder
2025-04-16 11:07:10,530 [WARN] DbFile:41 - Overriding database path with different value: C:\Users\kyle\.stmcufinder\plugins\mcufinder/ => C:\Users\kyle\.stmcufinder\plugins\mcufinder
2025-04-16 11:07:10,530 [INFO] CrossReferenceDbSqlite:203 - Set database path to: C:\Users\kyle\.stmcufinder\plugins\mcufinder//mcu/cs/
2025-04-16 11:07:10,617 [INFO] MainPanel:272 - HeapMemory: 268435456
2025-04-16 11:07:10,740 [INFO] DbMcusXml:78 - Set database path to: C:\ST\STM32CubeIDE_1.18.0\STM32CubeIDE\plugins\com.st.stm32cube.common.mx_6.14.0.202502271554\\db\/mcu/
2025-04-16 11:07:10,740 [INFO] ApiDb:274 - Set plugin database path to: C:\ST\STM32CubeIDE_1.18.0\STM32CubeIDE\plugins\com.st.stm32cube.common.mx_6.14.0.202502271554\\db\/plugins/boardmanager/
2025-04-16 11:07:10,740 [INFO] ApiDb:261 - Set plugin images path to: C:\ST\STM32CubeIDE_1.18.0\STM32CubeIDE\plugins\com.st.stm32cube.common.mx_6.14.0.202502271554\\db\/plugins/mcufinder/images/
2025-04-16 11:07:10,741 [WARN] DbFile:41 - Overriding database path with different value: C:\Users\kyle\.stmcufinder\plugins\mcufinder/ => C:\Users\kyle\.stmcufinder\plugins\mcufinder
2025-04-16 11:07:10,741 [INFO] ApiDb:250 - Set database path to: C:\Users\kyle\.stmcufinder\plugins\mcufinder//mcu/
2025-04-16 11:07:10,741 [WARN] DbFile:41 - Overriding database path with different value: C:\Users\kyle\.stmcufinder\plugins\mcufinder/ => C:\Users\kyle\.stmcufinder\plugins\mcufinder
2025-04-16 11:07:10,741 [INFO] DbMcusAds:125 - Set database path to: C:\Users\kyle\.stmcufinder\plugins\mcufinder//mcu/
2025-04-16 11:07:10,741 [WARN] DbFile:41 - Overriding database path with different value: C:\Users\kyle\.stmcufinder\plugins\mcufinder/ => C:\Users\kyle\.stmcufinder\plugins\mcufinder
2025-04-16 11:07:10,741 [WARN] DbFile:41 - Overriding database path with different value: C:\Users\kyle\.stmcufinder\plugins\mcufinder/ => C:\Users\kyle\.stmcufinder\plugins\mcufinder
2025-04-16 11:07:10,741 [INFO] CrossReferenceDbSqlite:203 - Set database path to: C:\Users\kyle\.stmcufinder\plugins\mcufinder//mcu/cs/
2025-04-16 11:07:10,762 [INFO] ApplicationProperties:184 - Using Application install path: C:\ST\STM32CubeIDE_1.18.0\STM32CubeIDE\plugins\com.st.stm32cube.common.mx_6.14.0.202502271554
2025-04-16 11:07:10,763 [INFO] PluginManage:196 - Search for loadable plugins [exclusion list=, ]
2025-04-16 11:07:10,765 [INFO] PluginManage:310 - Check plugin analytics
2025-04-16 11:07:10,964 [INFO] AnalyticsPlugin:253 - Accepted Software Licenses: 
2025-04-16 11:07:10,964 [INFO] AnalyticsPlugin:255 - Accepted CMSIS Pack Licenses: 
2025-04-16 11:07:10,964 [INFO] AnalyticsPlugin:257 - Accepted Firmware Licenses: FW.F4.1.28.0
2025-04-16 11:07:10,966 [INFO] PluginManage:359 - Loaded plugin analytics (category:tool,tabindex:-1)
2025-04-16 11:07:10,966 [INFO] PluginManage:310 - Check plugin cadmodel
2025-04-16 11:07:10,973 [INFO] CADModel:105 - Init CAD model plugin
2025-04-16 11:07:10,973 [INFO] PluginManage:359 - Loaded plugin cadmodel (category:power,tabindex:5)
2025-04-16 11:07:10,973 [INFO] PluginManage:310 - Check plugin clock
2025-04-16 11:07:10,984 [INFO] PluginManage:359 - Loaded plugin clock (category:base,tabindex:2)
2025-04-16 11:07:10,985 [INFO] PluginManage:310 - Check plugin ddr
2025-04-16 11:07:10,987 [INFO] PluginManage:359 - Loaded plugin ddr (category:tool,tabindex:6)
2025-04-16 11:07:10,987 [INFO] PluginManage:310 - Check plugin filemanager
2025-04-16 11:07:11,166 [INFO] PluginManage:359 - Loaded plugin filemanager (category:base,tabindex:10)
2025-04-16 11:07:11,166 [INFO] PluginManage:310 - Check plugin ipmanager
2025-04-16 11:07:11,175 [INFO] PluginManage:359 - Loaded plugin ipmanager (category:base,tabindex:5)
2025-04-16 11:07:11,175 [INFO] PluginManage:310 - Check plugin lpbam
2025-04-16 11:07:11,183 [INFO] PluginManage:359 - Loaded plugin lpbam (category:base,tabindex:0)
2025-04-16 11:07:11,184 [INFO] PluginManage:310 - Check plugin memorymap
2025-04-16 11:07:11,200 [INFO] PluginManage:359 - Loaded plugin memorymap (category:base,tabindex:4)
2025-04-16 11:07:11,201 [INFO] PluginManage:310 - Check plugin pinoutandconfiguration
2025-04-16 11:07:11,216 [INFO] PluginManage:359 - Loaded plugin pinoutandconfiguration (category:base,tabindex:1)
2025-04-16 11:07:11,216 [INFO] PluginManage:310 - Check plugin pinoutconfig
2025-04-16 11:07:11,322 [WARN] SupportedApi:132 - Cannot load RTOS API schema: s4s-elt-must-match.1: The content of 'definitions' must match (annotation?, (simpleType | complexType)?, (unique | key | keyref)*)). A problem was found starting at: attribute.
2025-04-16 11:07:11,540 [INFO] PluginManage:359 - Loaded plugin pinoutconfig (category:base,tabindex:0)
2025-04-16 11:07:11,541 [INFO] PluginManage:310 - Check plugin power
2025-04-16 11:07:11,552 [INFO] PluginManage:359 - Loaded plugin power (category:power,tabindex:4)
2025-04-16 11:07:11,552 [INFO] PluginManage:310 - Check plugin projectmanager
2025-04-16 11:07:11,568 [INFO] PluginManage:359 - Loaded plugin projectmanager (category:projectmanager,tabindex:4)
2025-04-16 11:07:11,568 [INFO] PluginManage:310 - Check plugin rif
2025-04-16 11:07:11,575 [INFO] PluginManage:359 - Loaded plugin rif (category:base,tabindex:3)
2025-04-16 11:07:11,576 [INFO] PluginManage:310 - Check plugin thirdparty
2025-04-16 11:07:11,736 [INFO] PluginManage:359 - Loaded plugin thirdparty (category:base,tabindex:-1)
2025-04-16 11:07:11,735 [WARN] IntegrityCheckThread:84 - waiting for thirdparty lock release [integrity check]
2025-04-16 11:07:11,736 [INFO] PluginManage:310 - Check plugin tools
2025-04-16 11:07:11,736 [INFO] IntegrityCheckThread:86 - entering critical section [integrity check]
2025-04-16 11:07:11,736 [INFO] ThirdPartyUpdaterWithRetryManager:70 - Updater plugin not ready yet. [1/15]
2025-04-16 11:07:11,739 [INFO] PluginManage:359 - Loaded plugin tools (category:base,tabindex:7)
2025-04-16 11:07:11,740 [INFO] PluginManage:310 - Check plugin tutovideos
2025-04-16 11:07:11,925 [INFO] PluginManage:359 - Loaded plugin tutovideos (category:base,tabindex:-1)
2025-04-16 11:07:11,925 [INFO] PluginManage:310 - Check plugin updater
2025-04-16 11:07:11,949 [INFO] PluginManage:359 - Loaded plugin updater (category:base,tabindex:12)
2025-04-16 11:07:11,949 [INFO] PluginManage:310 - Check plugin userauth
2025-04-16 11:07:11,953 [INFO] UserAuth:118 - Init User Auth plugin
2025-04-16 11:07:11,954 [INFO] PluginManage:359 - Loaded plugin userauth (category:base,tabindex:14)
2025-04-16 11:07:11,955 [INFO] PluginManage:283 - PluginManage : Loaded plugins [18]
2025-04-16 11:07:12,175 [INFO] PinOutPanel:1589 - setPackage(No Configuration,No Configuration)
2025-04-16 11:07:12,260 [INFO] CADModel:165 - CPN selected for project level
2025-04-16 11:07:12,260 [INFO] CADModel:114 - Register for checkConnection events
2025-04-16 11:07:12,277 [INFO] IPUIPlugin:80 - create IPUIPlugin
2025-04-16 11:07:12,277 [INFO] PluginManager:220 - loadIPPluginJar : add adc
2025-04-16 11:07:12,281 [INFO] IPUIPlugin:80 - create IPUIPlugin
2025-04-16 11:07:12,281 [INFO] PluginManager:220 - loadIPPluginJar : add aes
2025-04-16 11:07:12,283 [INFO] IPUIPlugin:80 - create IPUIPlugin
2025-04-16 11:07:12,284 [INFO] PluginManager:220 - loadIPPluginJar : add can
2025-04-16 11:07:12,286 [INFO] IPUIPlugin:80 - create IPUIPlugin
2025-04-16 11:07:12,286 [INFO] PluginManager:220 - loadIPPluginJar : add comp
2025-04-16 11:07:12,289 [INFO] IPUIPlugin:80 - create IPUIPlugin
2025-04-16 11:07:12,289 [INFO] PluginManager:220 - loadIPPluginJar : add cryp
2025-04-16 11:07:12,292 [INFO] IPUIPlugin:80 - create IPUIPlugin
2025-04-16 11:07:12,293 [INFO] PluginManager:220 - loadIPPluginJar : add ddr_ctrl_phy
2025-04-16 11:07:12,295 [INFO] IPUIPlugin:80 - create IPUIPlugin
2025-04-16 11:07:12,295 [INFO] PluginManager:220 - loadIPPluginJar : add dfsdm
2025-04-16 11:07:12,300 [INFO] IPUIPlugin:80 - create IPUIPlugin
2025-04-16 11:07:12,301 [INFO] PluginManager:220 - loadIPPluginJar : add dma
2025-04-16 11:07:12,304 [INFO] IPUIPlugin:80 - create IPUIPlugin
2025-04-16 11:07:12,304 [INFO] PluginManager:220 - loadIPPluginJar : add dma3
2025-04-16 11:07:12,312 [INFO] IPUIPlugin:80 - create IPUIPlugin
2025-04-16 11:07:12,312 [INFO] PluginManager:220 - loadIPPluginJar : add extmemmanager
2025-04-16 11:07:12,314 [INFO] IPUIPlugin:80 - create IPUIPlugin
2025-04-16 11:07:12,314 [INFO] PluginManager:220 - loadIPPluginJar : add fatfs
2025-04-16 11:07:12,319 [INFO] IPUIPlugin:80 - create IPUIPlugin
2025-04-16 11:07:12,319 [INFO] PluginManager:220 - loadIPPluginJar : add fmc
2025-04-16 11:07:12,324 [INFO] IPUIPlugin:80 - create IPUIPlugin
2025-04-16 11:07:12,325 [INFO] PluginManager:220 - loadIPPluginJar : add freertos
2025-04-16 11:07:12,327 [INFO] IPUIPlugin:80 - create IPUIPlugin
2025-04-16 11:07:12,327 [INFO] PluginManager:220 - loadIPPluginJar : add genericplugin
2025-04-16 11:07:12,329 [INFO] IPUIPlugin:80 - create IPUIPlugin
2025-04-16 11:07:12,329 [INFO] PluginManager:220 - loadIPPluginJar : add gfxmmu
2025-04-16 11:07:12,334 [INFO] IPUIPlugin:80 - create IPUIPlugin
2025-04-16 11:07:12,334 [INFO] PluginManager:220 - loadIPPluginJar : add gic
2025-04-16 11:07:12,339 [INFO] IPUIPlugin:80 - create IPUIPlugin
2025-04-16 11:07:12,339 [INFO] PluginManager:220 - loadIPPluginJar : add gpio
2025-04-16 11:07:12,343 [INFO] IPUIPlugin:80 - create IPUIPlugin
2025-04-16 11:07:12,343 [INFO] PluginManager:220 - loadIPPluginJar : add gtzc
2025-04-16 11:07:12,346 [INFO] IPUIPlugin:80 - create IPUIPlugin
2025-04-16 11:07:12,346 [INFO] PluginManager:220 - loadIPPluginJar : add hash
2025-04-16 11:07:12,350 [INFO] IPUIPlugin:80 - create IPUIPlugin
2025-04-16 11:07:12,350 [INFO] PluginManager:220 - loadIPPluginJar : add i2c
2025-04-16 11:07:12,354 [INFO] IPUIPlugin:80 - create IPUIPlugin
2025-04-16 11:07:12,354 [INFO] PluginManager:220 - loadIPPluginJar : add i2s
2025-04-16 11:07:12,359 [INFO] IPUIPlugin:80 - create IPUIPlugin
2025-04-16 11:07:12,360 [INFO] PluginManager:220 - loadIPPluginJar : add i3c
2025-04-16 11:07:12,363 [INFO] IPUIPlugin:80 - create IPUIPlugin
2025-04-16 11:07:12,364 [INFO] PluginManager:220 - loadIPPluginJar : add ipddr
2025-04-16 11:07:12,386 [INFO] IPUIPlugin:80 - create IPUIPlugin
2025-04-16 11:07:12,386 [INFO] PluginManager:220 - loadIPPluginJar : add linkedlist
2025-04-16 11:07:12,391 [INFO] IPUIPlugin:80 - create IPUIPlugin
2025-04-16 11:07:12,391 [INFO] PluginManager:220 - loadIPPluginJar : add lorawan
2025-04-16 11:07:12,393 [INFO] IPUIPlugin:80 - create IPUIPlugin
2025-04-16 11:07:12,394 [INFO] PluginManager:220 - loadIPPluginJar : add ltdc
2025-04-16 11:07:12,399 [INFO] IPUIPlugin:80 - create IPUIPlugin
2025-04-16 11:07:12,399 [INFO] PluginManager:220 - loadIPPluginJar : add mdma
2025-04-16 11:07:12,404 [INFO] IPUIPlugin:80 - create IPUIPlugin
2025-04-16 11:07:12,404 [INFO] PluginManager:220 - loadIPPluginJar : add nvic
2025-04-16 11:07:12,408 [INFO] IPUIPlugin:80 - create IPUIPlugin
2025-04-16 11:07:12,408 [INFO] PluginManager:220 - loadIPPluginJar : add opamp
2025-04-16 11:07:12,411 [INFO] IPUIPlugin:80 - create IPUIPlugin
2025-04-16 11:07:12,412 [INFO] PluginManager:220 - loadIPPluginJar : add openamp
2025-04-16 11:07:12,415 [INFO] IPUIPlugin:80 - create IPUIPlugin
2025-04-16 11:07:12,415 [INFO] PluginManager:220 - loadIPPluginJar : add pdm2pcm
2025-04-16 11:07:12,423 [INFO] IPUIPlugin:80 - create IPUIPlugin
2025-04-16 11:07:12,427 [INFO] PluginManager:220 - loadIPPluginJar : add plateformsettings
2025-04-16 11:07:12,429 [INFO] IPUIPlugin:80 - create IPUIPlugin
2025-04-16 11:07:12,429 [INFO] PluginManager:220 - loadIPPluginJar : add quadspi
2025-04-16 11:07:12,431 [INFO] IPUIPlugin:80 - create IPUIPlugin
2025-04-16 11:07:12,432 [INFO] PluginManager:220 - loadIPPluginJar : add radio
2025-04-16 11:07:12,436 [INFO] IPUIPlugin:80 - create IPUIPlugin
2025-04-16 11:07:12,436 [INFO] PluginManager:220 - loadIPPluginJar : add resmgrutility
2025-04-16 11:07:12,440 [INFO] IPUIPlugin:80 - create IPUIPlugin
2025-04-16 11:07:12,440 [INFO] PluginManager:220 - loadIPPluginJar : add sai
2025-04-16 11:07:12,443 [INFO] IPUIPlugin:80 - create IPUIPlugin
2025-04-16 11:07:12,443 [INFO] PluginManager:220 - loadIPPluginJar : add spi
2025-04-16 11:07:12,449 [INFO] IPUIPlugin:80 - create IPUIPlugin
2025-04-16 11:07:12,449 [INFO] PluginManager:220 - loadIPPluginJar : add stm32_wpan
2025-04-16 11:07:12,452 [INFO] IPUIPlugin:80 - create IPUIPlugin
2025-04-16 11:07:12,452 [INFO] PluginManager:220 - loadIPPluginJar : add tim
2025-04-16 11:07:12,456 [INFO] IPUIPlugin:80 - create IPUIPlugin
2025-04-16 11:07:12,456 [INFO] PluginManager:220 - loadIPPluginJar : add touchsensing
2025-04-16 11:07:12,459 [INFO] IPUIPlugin:80 - create IPUIPlugin
2025-04-16 11:07:12,460 [INFO] PluginManager:220 - loadIPPluginJar : add tracer_emb
2025-04-16 11:07:12,462 [INFO] IPUIPlugin:80 - create IPUIPlugin
2025-04-16 11:07:12,462 [INFO] PluginManager:220 - loadIPPluginJar : add ts
2025-04-16 11:07:12,464 [INFO] IPUIPlugin:80 - create IPUIPlugin
2025-04-16 11:07:12,464 [INFO] PluginManager:220 - loadIPPluginJar : add tsc
2025-04-16 11:07:12,466 [INFO] IPUIPlugin:80 - create IPUIPlugin
2025-04-16 11:07:12,466 [INFO] PluginManager:220 - loadIPPluginJar : add ucpd
2025-04-16 11:07:12,469 [INFO] IPUIPlugin:80 - create IPUIPlugin
2025-04-16 11:07:12,469 [INFO] PluginManager:220 - loadIPPluginJar : add usart
2025-04-16 11:07:12,472 [INFO] IPUIPlugin:80 - create IPUIPlugin
2025-04-16 11:07:12,472 [INFO] PluginManager:220 - loadIPPluginJar : add usbx
2025-04-16 11:07:12,597 [FATAL] Updater:351 - Updater called before beeing initialized
2025-04-16 11:07:12,621 [INFO] RulesReader:64 - Compatibility file has been processed (301 Rules)
2025-04-16 11:07:12,634 [INFO] RulesReader:64 - Compatibility file has been processed (301 Rules)
2025-04-16 11:07:12,640 [INFO] CADModel:165 - CPN selected for project level
2025-04-16 11:07:12,640 [INFO] CADModel:114 - Register for checkConnection events
2025-04-16 11:07:12,640 [FATAL] Updater:351 - Updater called before beeing initialized
2025-04-16 11:07:12,641 [ERROR] CADModel:125 - Updater not yet initialized, retry later 
2025-04-16 11:07:12,760 [FATAL] Updater:351 - Updater called before beeing initialized
2025-04-16 11:07:12,762 [INFO] CADModel:165 - CPN selected for project level
2025-04-16 11:07:12,762 [INFO] CADModel:114 - Register for checkConnection events
2025-04-16 11:07:12,762 [FATAL] Updater:351 - Updater called before beeing initialized
2025-04-16 11:07:12,762 [ERROR] CADModel:125 - Updater not yet initialized, retry later 
2025-04-16 11:07:12,765 [FATAL] Updater:351 - Updater called before beeing initialized
2025-04-16 11:07:12,854 [FATAL] Updater:351 - Updater called before beeing initialized
2025-04-16 11:07:12,858 [INFO] DbMcusAds:53 - JSON generation date=Thu Mar 06 06:54:22 PST 2025 (1741272862078)
2025-04-16 11:07:12,858 [FATAL] Updater:351 - Updater called before beeing initialized
2025-04-16 11:07:12,891 [WARN] DetailPanel:346 - Failed to get advertising image, set to default
2025-04-16 11:07:13,119 [FATAL] Updater:351 - Updater called before beeing initialized
2025-04-16 11:07:13,121 [FATAL] Updater:351 - Updater called before beeing initialized
2025-04-16 11:07:13,121 [FATAL] Updater:351 - Updater called before beeing initialized
2025-04-16 11:07:13,121 [WARN] DetailPanel:346 - Failed to get advertising image, set to default
2025-04-16 11:07:13,121 [FATAL] Updater:351 - Updater called before beeing initialized
2025-04-16 11:07:13,161 [ERROR] Updater:1198 - MainUpdater not yet initialized. External WinMGr cannot be set.
2025-04-16 11:07:13,162 [INFO] Updater:1134 - Updater Version found : 6.14.0
2025-04-16 11:07:13,177 [INFO] ApplicationProperties:184 - Using Application install path: C:\ST\STM32CubeIDE_1.18.0\STM32CubeIDE\plugins\com.st.stm32cube.common.mx_6.14.0.202502271554
2025-04-16 11:07:14,739 [INFO] ThirdPartyUpdaterWithRetryManager:70 - Updater plugin not ready yet. [2/15]
2025-04-16 11:07:14,754 [ERROR] LogOutputStream:75 - [STDERR_REDIRECT] Apr 16, 2025 11:07:14 AM java.util.prefs.WindowsPreferences <init>
2025-04-16 11:07:14,755 [ERROR] LogOutputStream:75 - [STDERR_REDIRECT] WARNING: Could not open/create prefs root node Software\JavaSoft\Prefs at root 0xffffffff80000002. Windows RegCreateKeyEx(...) returned error code 5.
2025-04-16 11:07:14,755 [ERROR] LogOutputStream:75 - [STDERR_REDIRECT] 
2025-04-16 11:07:15,022 [INFO] MainUpdater:2872 - connection check result : 10
2025-04-16 11:07:15,022 [INFO] MainUpdater:3566 - Updater definition file requires update
2025-04-16 11:07:15,022 [INFO] MainUpdater:289 - Updater Check For Update Now.
2025-04-16 11:07:15,023 [INFO] MicroXplorer:498 - Change Database Version : DB.6.0.140
2025-04-16 11:07:15,027 [INFO] McuFinderGlobals:63 - Set McuFinder mode to 2 (CubeIDE integrated)
2025-04-16 11:07:15,028 [INFO] UserAuth:486 - Internet connection configuration mode: 1
2025-04-16 11:07:15,042 [INFO] JxBrowserEngine:152 - Initiate JxBrowser Engine with user profile folder
2025-04-16 11:07:15,044 [INFO] ServerAccessManage:473 - Download File updaters.zip
2025-04-16 11:07:15,127 [INFO] FileExtend:242 - Unzip File : updaters.zip
2025-04-16 11:07:15,127 [INFO] FileExtend:257 - Standard Zip Deflate
2025-04-16 11:07:15,455 [INFO] ServerAccessManage:473 - Download File PacksControlFlags.xml
2025-04-16 11:07:15,507 [INFO] ServerAccessManage:473 - Download File cubemx.pidx
2025-04-16 11:07:16,213 [INFO] ServerAccessManage:473 - Download File STMicroelectronics.X-CUBE-MEMS1.pdsc
2025-04-16 11:07:16,642 [INFO] WebApp:169 - Instantiating new browser for Auth
2025-04-16 11:07:17,599 [INFO] WebApp:463 - Apply proxy settings
2025-04-16 11:07:17,599 [INFO] WebApp:548 - Chromium requires no authentication
2025-04-16 11:07:17,615 [INFO] WebApp:491 - Direct internet connection detected
2025-04-16 11:07:17,659 [INFO] WebApp:894 - Register for checkConnection events
2025-04-16 11:07:17,659 [INFO] WebApp:463 - Apply proxy settings
2025-04-16 11:07:17,660 [INFO] WebApp:548 - Chromium requires no authentication
2025-04-16 11:07:17,662 [INFO] WebApp:491 - Direct internet connection detected
2025-04-16 11:07:17,740 [WARN] MainUpdater:1193 - Updater busy. Cannot search thirdparties
2025-04-16 11:07:17,740 [INFO] ThirdPartyUpdaterWithRetryManager:96 - Updater plugin is busy. [1/15]
2025-04-16 11:07:17,755 [INFO] ServerAccessManage:473 - Download File STMicroelectronics.X-CUBE-TOF1.pdsc
2025-04-16 11:07:17,847 [INFO] WebApp:191 - Connection restablished
2025-04-16 11:07:18,083 [INFO] WebApp:225 - Starting web application
2025-04-16 11:07:18,084 [INFO] WebApp:593 - Web application path used C:\ST\STM32CubeIDE_1.18.0\STM32CubeIDE\plugins\com.st.stm32cube.common.mx_6.14.0.202502271554\db\plugins\mcufinder\reactClient1\index.html
2025-04-16 11:07:18,337 [INFO] UserAuth:486 - Internet connection configuration mode: 1
2025-04-16 11:07:18,657 [ERROR] ServerAccessManage:1089 - Problem, file not found on Server
2025-04-16 11:07:19,107 [INFO] ServerAccessManage:473 - Download File Avnet-IotConnect.X-CUBE-IoTC-DA16k-PMOD.pdsc
2025-04-16 11:07:19,274 [WARN] PackLoader:240 - Cannot read IP mode file for STMicroelectronics.X-CUBE-MEMS1.11.2.0
2025-04-16 11:07:19,339 [INFO] CheckServerUpdateThread:120 - End of CheckServer Thread
2025-04-16 11:07:19,423 [WARN] PackLoader:240 - Cannot read IP mode file for STMicroelectronics.X-CUBE-TOF1.3.4.3
2025-04-16 11:07:19,439 [WARN] PackLoader:240 - Cannot read IP mode file for Avnet-IotConnect.X-CUBE-IoTC-DA16k-PMOD.1.0.0
2025-04-16 11:07:19,439 [INFO] PopulateThirdPartyThread:66 - Ending populate Thread
2025-04-16 11:07:19,441 [INFO] ThirdParty:1030 - CMSIS Pack Vendor :STMicroelectronics X-CUBE-TOF1 3.4.3
2025-04-16 11:07:19,441 [INFO] ThirdParty:1030 - CMSIS Pack Vendor :STMicroelectronics X-CUBE-MEMS1 11.2.0
2025-04-16 11:07:19,441 [INFO] ThirdParty:1030 - CMSIS Pack Vendor :Avnet-IotConnect X-CUBE-IoTC-DA16k-PMOD 1.0.0
2025-04-16 11:07:19,442 [INFO] LoadServerUpdatesThread:375 - End of LoadServerUpdate Thread
2025-04-16 11:07:20,932 [WARN] PackLoader:240 - Cannot read IP mode file for STMicroelectronics.FP-SNS-MOTENVWB1.1.4.0
2025-04-16 11:07:20,936 [WARN] PackLoader:240 - Cannot read IP mode file for STMicroelectronics.FP-ATR-ASTRA1.2.0.2
2025-04-16 11:07:20,943 [WARN] PackLoader:240 - Cannot read IP mode file for STMicroelectronics.X-CUBE-SMBUS.2.1.0
2025-04-16 11:07:20,947 [WARN] PackLoader:240 - Cannot read IP mode file for STMicroelectronics.X-CUBE-WB05N.1.1.0
2025-04-16 11:07:20,960 [WARN] PackLoader:240 - Cannot read IP mode file for STMicroelectronics.X-CUBE-AZRTOS-F7.1.1.0
2025-04-16 11:07:20,979 [WARN] PackLoader:240 - Cannot read IP mode file for Infineon.AIROC-Wi-Fi-Bluetooth-STM32.1.7.0
2025-04-16 11:07:20,989 [WARN] PackLoader:240 - Cannot read IP mode file for STMicroelectronics.X-CUBE-DISPLAY.3.0.0
2025-04-16 11:07:20,996 [WARN] PackLoader:240 - Cannot read IP mode file for STMicroelectronics.X-CUBE-NFC10.1.0.0
2025-04-16 11:07:21,003 [WARN] PackLoader:240 - Cannot read IP mode file for STMicroelectronics.X-CUBE-BLEMGR.4.0.0
2025-04-16 11:07:21,009 [WARN] PackLoader:240 - Cannot read IP mode file for emotas.I-CUBE-CANOPEN.1.3.0
2025-04-16 11:07:21,013 [WARN] ConditionMgr:438 - getConditionDescription Invalid condition id : Cortex-A Device cause : null
2025-04-16 11:07:21,022 [WARN] ConditionMgr:1044 - genDependencies : Invalid condition id : Cortex-A Device cause : null
2025-04-16 11:07:21,022 [WARN] ConditionMgr:1044 - genDependencies : Invalid condition id : Cortex-A Device cause : null
2025-04-16 11:07:21,022 [WARN] ConditionMgr:1044 - genDependencies : Invalid condition id : Cortex-A Device cause : null
2025-04-16 11:07:21,026 [WARN] PackLoader:240 - Cannot read IP mode file for STMicroelectronics.X-CUBE-AI.10.0.0
2025-04-16 11:07:21,030 [WARN] PackLoader:240 - Cannot read IP mode file for STMicroelectronics.FP-SNS-SMARTAG2.1.2.0
2025-04-16 11:07:21,034 [WARN] PackLoader:240 - Cannot read IP mode file for STMicroelectronics.FP-SNS-FLIGHT1.5.1.0
2025-04-16 11:07:21,065 [WARN] PackLoader:240 - Cannot read IP mode file for STMicroelectronics.X-CUBE-MEMS1.11.1.0
2025-04-16 11:07:21,143 [INFO] LogOutputStream:77 - [STDOUT_REDIRECT] 1 : Invalid condition id : UX_CORESTACK_Condition cause : null
2025-04-16 11:07:21,144 [INFO] LogOutputStream:77 - [STDOUT_REDIRECT] 1 : Invalid condition id : UX_CORESTACK_Condition cause : null
2025-04-16 11:07:21,145 [INFO] LogOutputStream:77 - [STDOUT_REDIRECT] 1 : Invalid condition id : UX_CORESTACK_Condition cause : null
2025-04-16 11:07:21,146 [INFO] LogOutputStream:77 - [STDOUT_REDIRECT] 1 : Invalid condition id : UX_CORESTACK_Condition cause : null
2025-04-16 11:07:21,147 [INFO] LogOutputStream:77 - [STDOUT_REDIRECT] 1 : Invalid condition id : UX_CORESTACK_Condition cause : null
2025-04-16 11:07:21,148 [WARN] PackLoader:240 - Cannot read IP mode file for STMicroelectronics.X-CUBE-AZRTOS-WL.2.0.0
2025-04-16 11:07:21,153 [WARN] PackLoader:240 - Cannot read IP mode file for STMicroelectronics.FP-SNS-MOTENV1.5.0.0
2025-04-16 11:07:21,158 [WARN] PackLoader:240 - Cannot read IP mode file for WES.I-CUBE-Cesium.1.3.0
2025-04-16 11:07:21,162 [WARN] PackLoader:240 - Cannot read IP mode file for STMicroelectronics.X-CUBE-BLE2.3.3.0
2025-04-16 11:07:21,168 [WARN] PackLoader:240 - Cannot read IP mode file for STMicroelectronics.X-CUBE-NFC9.1.0.0
2025-04-16 11:07:21,172 [WARN] PackLoader:240 - Cannot read IP mode file for STMicroelectronics.X-CUBE-BLE1.7.1.0
2025-04-16 11:07:21,177 [WARN] PackLoader:240 - Cannot read IP mode file for wolfSSL.I-CUBE-wolfMQTT.1.19.2
2025-04-16 11:07:21,206 [WARN] PackLoader:240 - Cannot read IP mode file for STMicroelectronics.X-CUBE-MEMS1.11.2.0
2025-04-16 11:07:21,283 [WARN] PackLoader:240 - Cannot read IP mode file for STMicroelectronics.X-CUBE-AZRTOS-G0.1.1.0
2025-04-16 11:07:21,288 [WARN] PackLoader:240 - Cannot read IP mode file for STMicroelectronics.X-CUBE-SAFEA1.1.2.2
2025-04-16 11:07:21,293 [WARN] PackLoader:240 - Cannot read IP mode file for STMicroelectronics.X-CUBE-NFC4.3.0.0
2025-04-16 11:07:21,300 [WARN] PackLoader:240 - Cannot read IP mode file for EmbeddedOffice.I-CUBE-FS-RTOS.1.0.1
2025-04-16 11:07:21,304 [WARN] PackLoader:240 - Cannot read IP mode file for wolfSSL.I-CUBE-wolfTPM.3.8.0
2025-04-16 11:07:21,308 [WARN] PackLoader:240 - Cannot read IP mode file for STMicroelectronics.X-CUBE-TCPP.4.2.0
2025-04-16 11:07:21,314 [WARN] PackLoader:240 - Cannot read IP mode file for RealThread.X-CUBE-RT-Thread_Nano.4.1.1
2025-04-16 11:07:21,318 [WARN] PackLoader:240 - Cannot read IP mode file for STMicroelectronics.FP-ATR-SIGFOX1.3.2.0
2025-04-16 11:07:21,333 [WARN] PackLoader:240 - Cannot read IP mode file for STMicroelectronics.X-CUBE-EEPRMA1.5.1.0
2025-04-16 11:07:21,340 [WARN] PackLoader:240 - Cannot read IP mode file for wolfSSL.I-CUBE-wolfSSL.5.7.6
2025-04-16 11:07:21,348 [WARN] PackLoader:240 - Cannot read IP mode file for ITTIA_DB.I-CUBE-ITTIADB.8.9.0
2025-04-16 11:07:21,369 [WARN] PackLoader:240 - Cannot read IP mode file for SEGGER.I-CUBE-embOS.1.3.1
2025-04-16 11:07:21,408 [WARN] PackLoader:240 - Cannot read IP mode file for STMicroelectronics.X-CUBE-ALGOBUILD.1.4.0
2025-04-16 11:07:21,424 [WARN] PackLoader:240 - Cannot read IP mode file for STMicroelectronics.X-CUBE-AZRTOS-F4.1.1.0
2025-04-16 11:07:21,432 [WARN] PackLoader:240 - Cannot read IP mode file for Avnet-IotConnect.X-CUBE-IoTC-DA16k-PMOD.1.0.0
2025-04-16 11:07:21,437 [WARN] PackLoader:240 - Cannot read IP mode file for STMicroelectronics.X-CUBE-ISPU.2.1.0
2025-04-16 11:07:21,449 [WARN] PackLoader:240 - Cannot read IP mode file for STMicroelectronics.X-CUBE-AZRTOS-L5.2.0.0
2025-04-16 11:07:21,458 [WARN] PackLoader:240 - Cannot read IP mode file for STMicroelectronics.X-CUBE-NFC6.3.1.0
2025-04-16 11:07:21,465 [WARN] PackLoader:240 - Cannot read IP mode file for STMicroelectronics.X-CUBE-FREERTOS.1.3.0
2025-04-16 11:07:21,471 [WARN] PackLoader:240 - Cannot read IP mode file for STMicroelectronics.X-CUBE-NFC7.1.0.1
2025-04-16 11:07:21,476 [WARN] PackLoader:240 - Cannot read IP mode file for STMicroelectronics.X-CUBE-DPower.1.3.0
2025-04-16 11:07:21,491 [WARN] ConditionMgr:438 - getConditionDescription Invalid condition id : LAN8742 Phy interface Condition cause : null
2025-04-16 11:07:21,492 [WARN] PackLoader:240 - Cannot read IP mode file for STMicroelectronics.X-CUBE-AZRTOS-L4.2.0.0
2025-04-16 11:07:21,492 [WARN] ConditionMgr:1044 - genDependencies : Invalid condition id : LAN8742 Phy interface Condition cause : null
2025-04-16 11:07:21,493 [WARN] ConditionMgr:1044 - genDependencies : Invalid condition id : LAN8742 Phy interface Condition cause : null
2025-04-16 11:07:21,493 [WARN] ConditionMgr:1044 - genDependencies : Invalid condition id : LAN8742 Phy interface Condition cause : null
2025-04-16 11:07:21,500 [WARN] PackLoader:240 - Cannot read IP mode file for STMicroelectronics.X-CUBE-SFXS2LP1.4.0.0
2025-04-16 11:07:21,516 [WARN] PackLoader:240 - Cannot read IP mode file for STMicroelectronics.X-CUBE-AZRTOS-H7.3.3.0
2025-04-16 11:07:21,527 [WARN] ConditionMgr:438 - getConditionDescription Invalid condition id : UX DEVICE CLASS RTOS Condition cause : null
2025-04-16 11:07:21,527 [WARN] ConditionMgr:438 - getConditionDescription Invalid condition id : UX DEVICE CLASS RTOS Condition cause : null
2025-04-16 11:07:21,528 [WARN] PackLoader:240 - Cannot read IP mode file for STMicroelectronics.X-CUBE-AZRTOS-WB.2.0.0
2025-04-16 11:07:21,529 [WARN] ConditionMgr:1044 - genDependencies : Invalid condition id : UX DEVICE CLASS RTOS Condition cause : null
2025-04-16 11:07:21,529 [WARN] ConditionMgr:1044 - genDependencies : Invalid condition id : UX DEVICE CLASS RTOS Condition cause : null
2025-04-16 11:07:21,529 [WARN] ConditionMgr:1044 - genDependencies : Invalid condition id : UX DEVICE CLASS RTOS Condition cause : null
2025-04-16 11:07:21,529 [WARN] ConditionMgr:1044 - genDependencies : Invalid condition id : UX DEVICE CLASS RTOS Condition cause : null
2025-04-16 11:07:21,529 [WARN] ConditionMgr:1044 - genDependencies : Invalid condition id : UX DEVICE CLASS RTOS Condition cause : null
2025-04-16 11:07:21,534 [WARN] PackLoader:240 - Cannot read IP mode file for STMicroelectronics.X-CUBE-GNSS1.7.0.1
2025-04-16 11:07:21,538 [WARN] PackLoader:240 - Cannot read IP mode file for STMicroelectronics.X-CUBE-TOUCHGFX.4.25.0
2025-04-16 11:07:21,543 [WARN] PackLoader:240 - Cannot read IP mode file for STMicroelectronics.FP-SNS-STBOX1.2.0.0
2025-04-16 11:07:21,553 [WARN] PackLoader:240 - Cannot read IP mode file for STMicroelectronics.X-CUBE-SUBG2.5.0.0
2025-04-16 11:07:21,567 [WARN] PackLoader:240 - Cannot read IP mode file for STMicroelectronics.X-CUBE-AZRTOS-H7RS.1.1.0
2025-04-16 11:07:21,572 [WARN] PackLoader:240 - Cannot read IP mode file for Cesanta.I-CUBE-Mongoose.7.13.0
2025-04-16 11:07:21,582 [WARN] PackLoader:240 - Cannot read IP mode file for STMicroelectronics.X-CUBE-AZRTOS-G4.2.0.0
2025-04-16 11:07:21,586 [WARN] PackLoader:240 - Cannot read IP mode file for wolfSSL.I-CUBE-wolfSSH.1.4.20
2025-04-16 11:07:21,593 [WARN] PackLoader:240 - Cannot read IP mode file for STMicroelectronics.X-CUBE-IPS.3.1.0
2025-04-16 11:07:21,601 [WARN] PackLoader:240 - Cannot read IP mode file for STMicroelectronics.X-CUBE-ALS.1.0.2
2025-04-16 11:07:21,606 [WARN] PackLoader:240 - Cannot read IP mode file for portGmbH.I-Cube-SoM-uGOAL.1.1.0
2025-04-16 11:07:21,613 [WARN] PackLoader:240 - Cannot read IP mode file for STMicroelectronics.X-CUBE-TOF1.3.4.2
2025-04-16 11:07:21,626 [WARN] PackLoader:240 - Cannot read IP mode file for STMicroelectronics.X-CUBE-TOF1.3.4.3
2025-04-16 11:07:21,631 [INFO] ThirdParty:978 - Integrity check success = true
2025-04-16 11:07:21,632 [INFO] IntegrityCheckThread:100 - exiting critical section [integrity check]
2025-04-16 11:07:21,632 [INFO] IntegrityCheckThread:103 - End integrity checks thread
2025-04-16 11:48:35,553 [INFO] WebApp:194 - Connection lost
2025-04-16 11:48:35,726 [INFO] WebApp:191 - Connection restablished
2025-04-16 11:58:35,225 [ERROR] LogOutputStream:75 - [STDERR_REDIRECT] 
