14:00:32 **** Incremental Build of configuration Debug for project me507_lab2 ****
make -j12 all 
arm-none-eabi-gcc "../Core/Src/main.c" -mcpu=cortex-m4 -std=gnu11 -g3 -DDEBUG -DUSE_HAL_DRIVER -DSTM32F411xE -c -I../Core/Inc -I../Drivers/STM32F4xx_HAL_Driver/Inc -I../Drivers/STM32F4xx_HAL_Driver/Inc/Legacy -I../Drivers/CMSIS/Device/ST/STM32F4xx/Include -I../Drivers/CMSIS/Include -O0 -ffunction-sections -fdata-sections -Wall -fstack-usage -fcyclomatic-complexity -MMD -MP -MF"Core/Src/main.d" -MT"Core/Src/main.o" --specs=nano.specs -mfpu=fpv4-sp-d16 -mfloat-abi=hard -mthumb -o "Core/Src/main.o"
arm-none-eabi-gcc -o "me507_lab2.elf" @"objects.list"   -mcpu=cortex-m4 -T"C:\Users\kyle\Documents\GitHub\ME507\workspace_1.18.0\me507_lab2\STM32F411CEUX_FLASH.ld" --specs=nosys.specs -Wl,-Map="me507_lab2.map" -Wl,--gc-sections -static --specs=nano.specs -mfpu=fpv4-sp-d16 -mfloat-abi=hard -mthumb -Wl,--start-group -lc -lm -Wl,--end-group
Finished building target: me507_lab2.elf
 
arm-none-eabi-size  me507_lab2.elf 
arm-none-eabi-objdump -h -S me507_lab2.elf  > "me507_lab2.list"
   text	   data	    bss	    dec	    hex	filename
  17212	     92	   2116	  19420	   4bdc	me507_lab2.elf
Finished building: default.size.stdout
 
Finished building: me507_lab2.list
 
14:00:36 **** Incremental Build of configuration Debug for project me507_lab2 ****
make -j12 all 
arm-none-eabi-size  me507_lab2.elf 
   text	   data	    bss	    dec	    hex	filename
  17212	     92	   2116	  19420	   4bdc	me507_lab2.elf
Finished building: default.size.stdout
 
14:03:46 **** Incremental Build of configuration Debug for project me507_lab2 ****
make -j12 all 
arm-none-eabi-gcc "../Core/Src/stm32f4xx_hal_msp.c" -mcpu=cortex-m4 -std=gnu11 -g3 -DDEBUG -DUSE_HAL_DRIVER -DSTM32F411xE -c -I../Core/Inc -I../Drivers/STM32F4xx_HAL_Driver/Inc -I../Drivers/STM32F4xx_HAL_Driver/Inc/Legacy -I../Drivers/CMSIS/Device/ST/STM32F4xx/Include -I../Drivers/CMSIS/Include -O0 -ffunction-sections -fdata-sections -Wall -fstack-usage -fcyclomatic-complexity -MMD -MP -MF"Core/Src/stm32f4xx_hal_msp.d" -MT"Core/Src/stm32f4xx_hal_msp.o" --specs=nano.specs -mfpu=fpv4-sp-d16 -mfloat-abi=hard -mthumb -o "Core/Src/stm32f4xx_hal_msp.o"
arm-none-eabi-gcc "../Core/Src/stm32f4xx_it.c" -mcpu=cortex-m4 -std=gnu11 -g3 -DDEBUG -DUSE_HAL_DRIVER -DSTM32F411xE -c -I../Core/Inc -I../Drivers/STM32F4xx_HAL_Driver/Inc -I../Drivers/STM32F4xx_HAL_Driver/Inc/Legacy -I../Drivers/CMSIS/Device/ST/STM32F4xx/Include -I../Drivers/CMSIS/Include -O0 -ffunction-sections -fdata-sections -Wall -fstack-usage -fcyclomatic-complexity -MMD -MP -MF"Core/Src/stm32f4xx_it.d" -MT"Core/Src/stm32f4xx_it.o" --specs=nano.specs -mfpu=fpv4-sp-d16 -mfloat-abi=hard -mthumb -o "Core/Src/stm32f4xx_it.o"
arm-none-eabi-gcc -o "me507_lab2.elf" @"objects.list"   -mcpu=cortex-m4 -T"C:\Users\kyle\Documents\GitHub\ME507\workspace_1.18.0\me507_lab2\STM32F411CEUX_FLASH.ld" --specs=nosys.specs -Wl,-Map="me507_lab2.map" -Wl,--gc-sections -static --specs=nano.specs -mfpu=fpv4-sp-d16 -mfloat-abi=hard -mthumb -Wl,--start-group -lc -lm -Wl,--end-group
Finished building target: me507_lab2.elf
 
arm-none-eabi-size  me507_lab2.elf 
arm-none-eabi-objdump -h -S me507_lab2.elf  > "me507_lab2.list"
   text	   data	    bss	    dec	    hex	filename
  19568	     92	   2116	  21776	   5510	me507_lab2.elf
Finished building: default.size.stdout
 
Finished building: me507_lab2.list
 
14:05:35 **** Incremental Build of configuration Debug for project me507_lab2 ****
make -j12 all 
arm-none-eabi-gcc "../Core/Src/main.c" -mcpu=cortex-m4 -std=gnu11 -g3 -DDEBUG -DUSE_HAL_DRIVER -DSTM32F411xE -c -I../Core/Inc -I../Drivers/STM32F4xx_HAL_Driver/Inc -I../Drivers/STM32F4xx_HAL_Driver/Inc/Legacy -I../Drivers/CMSIS/Device/ST/STM32F4xx/Include -I../Drivers/CMSIS/Include -O0 -ffunction-sections -fdata-sections -Wall -fstack-usage -fcyclomatic-complexity -MMD -MP -MF"Core/Src/main.d" -MT"Core/Src/main.o" --specs=nano.specs -mfpu=fpv4-sp-d16 -mfloat-abi=hard -mthumb -o "Core/Src/main.o"
../Core/Src/main.c: In function 'HAL_UART_RxCplt_Callback':
../Core/Src/main.c:419:36: warning: cast to pointer from integer of different size [-Wint-to-pointer-cast]
  419 |         HAL_UART_Transmit(&huart1, (uint8_t*)uart_rx_data, 1, 1000);
      |                                    ^
arm-none-eabi-gcc -o "me507_lab2.elf" @"objects.list"   -mcpu=cortex-m4 -T"C:\Users\kyle\Documents\GitHub\ME507\workspace_1.18.0\me507_lab2\STM32F411CEUX_FLASH.ld" --specs=nosys.specs -Wl,-Map="me507_lab2.map" -Wl,--gc-sections -static --specs=nano.specs -mfpu=fpv4-sp-d16 -mfloat-abi=hard -mthumb -Wl,--start-group -lc -lm -Wl,--end-group
Finished building target: me507_lab2.elf
 
arm-none-eabi-size  me507_lab2.elf 
arm-none-eabi-objdump -h -S me507_lab2.elf  > "me507_lab2.list"
   text	   data	    bss	    dec	    hex	filename
  19568	     92	   2116	  21776	   5510	me507_lab2.elf
Finished building: default.size.stdout
 
Finished building: me507_lab2.list
 
14:17:57 **** Incremental Build of configuration Debug for project me507_lab2 ****
make -j12 all 
arm-none-eabi-gcc "../Core/Src/main.c" -mcpu=cortex-m4 -std=gnu11 -g3 -DDEBUG -DUSE_HAL_DRIVER -DSTM32F411xE -c -I../Core/Inc -I../Drivers/STM32F4xx_HAL_Driver/Inc -I../Drivers/STM32F4xx_HAL_Driver/Inc/Legacy -I../Drivers/CMSIS/Device/ST/STM32F4xx/Include -I../Drivers/CMSIS/Include -O0 -ffunction-sections -fdata-sections -Wall -fstack-usage -fcyclomatic-complexity -MMD -MP -MF"Core/Src/main.d" -MT"Core/Src/main.o" --specs=nano.specs -mfpu=fpv4-sp-d16 -mfloat-abi=hard -mthumb -o "Core/Src/main.o"
arm-none-eabi-gcc -o "me507_lab2.elf" @"objects.list"   -mcpu=cortex-m4 -T"C:\Users\kyle\Documents\GitHub\ME507\workspace_1.18.0\me507_lab2\STM32F411CEUX_FLASH.ld" --specs=nosys.specs -Wl,-Map="me507_lab2.map" -Wl,--gc-sections -static --specs=nano.specs -mfpu=fpv4-sp-d16 -mfloat-abi=hard -mthumb -Wl,--start-group -lc -lm -Wl,--end-group
Finished building target: me507_lab2.elf
 
arm-none-eabi-size  me507_lab2.elf 
arm-none-eabi-objdump -h -S me507_lab2.elf  > "me507_lab2.list"
   text	   data	    bss	    dec	    hex	filename
  19608	     92	   2116	  21816	   5538	me507_lab2.elf
Finished building: default.size.stdout
 
Finished building: me507_lab2.list
 
