STEP to UG
! INFO-     NX STEP AP214 - V2312.6001
! INFO-      
! INFO-     Start of Translation: 13-APR-2025  10:55:23 AM
! INFO-      
! STATUS-   Converting Part: C:\Users\kyle\Downloads\raspberry-pi-camera-4.snapshot.1\Raspberry pi 3 cam V2,1\Cam V2.1 v1.step
! SUMMARY-   
! SUMMARY-    STEP Header Information
! SUMMARY-   
! SUMMARY-  Description      Unknown
! SUMMARY-  Imp_Level        2;1
! SUMMARY-  File_Name        C:/Fusion 360 Modeller/Elektronik/Raspberry pi 3 cam V2,1/Cam V2.1 v1.step
! SUMMARY-  Date             2019-12-01T21:25:47+01:00
! SUMMARY-  Author           Unknown
! SUMMARY-  Organization     Unknown
! SUMMARY-  Pre_Version      ST-DEVELOPER v18
! SUMMARY-  Orig_System      Autodesk Translation Framework v8.12.0.6
! SUMMARY-  Authorization    Unknown
! SUMMARY-  Schema_ID        automotive_design
! SUMMARY-   
! SUMMARY-    Summary of STEP Entities
! SUMMARY-   
! SUMMARY-  Entity Type                                                   Count
! SUMMARY-  -----------                                                   ------
! SUMMARY-  advanced_face ..............................................:    247
! SUMMARY-  application_context ........................................:      1
! SUMMARY-  axis2_placement_3d .........................................:    290
! SUMMARY-  b_spline_curve_with_knots ..................................:    967
! SUMMARY-  b_spline_curve_with_knots_and_rational_b_spline_curve ......:     36
! SUMMARY-  b_spline_surface_with_knots ................................:     20
! SUMMARY-  cartesian_point ............................................:   8193
! SUMMARY-  circle .....................................................:     62
! SUMMARY-  closed_shell ...............................................:      1
! SUMMARY-  conical_surface ............................................:      4
! SUMMARY-  cylindrical_surface ........................................:     16
! SUMMARY-  direction ..................................................:   1163
! SUMMARY-  edge_curve .................................................:   1648
! SUMMARY-  edge_loop ..................................................:    376
! SUMMARY-  face_bound .................................................:    129
! SUMMARY-  face_outer_bound ...........................................:    247
! SUMMARY-  geometric_representation_context_and_global_uncertainty_a ..:      2
! SUMMARY-  length_unit_and_si_unit ....................................:      1
! SUMMARY-  line .......................................................:    583
! SUMMARY-  manifold_solid_brep ........................................:      1
! SUMMARY-  oriented_edge ..............................................:   3296
! SUMMARY-  plane ......................................................:    206
! SUMMARY-  plane_angle_unit_and_si_unit ...............................:      1
! SUMMARY-  product ....................................................:      1
! SUMMARY-  product_context ............................................:      1
! SUMMARY-  product_definition .........................................:      1
! SUMMARY-  product_definition_context .................................:      1
! SUMMARY-  product_definition_formation ...............................:      1
! SUMMARY-  product_definition_shape ...................................:      1
! SUMMARY-  product_related_product_category ...........................:      1
! SUMMARY-  si_unit_and_solid_angle_unit ...............................:      1
! SUMMARY-  spherical_surface ..........................................:      1
! SUMMARY-  uncertainty_measure_with_unit ..............................:      2
! SUMMARY-  vector .....................................................:    583
! SUMMARY-  vertex_point ...............................................:   1511
! SUMMARY-                                                               -------
! SUMMARY-  Total                                                          19595
! STATUS-    
! STATUS-   Converting to Output Form (Phase 2 of 3): 13-APR-2025 10:55:23 AM
! STATUS-    
! STATUS-    
! STATUS-   Generating UG geometry and placing them in parts
! STATUS-    
! STATUS-   Creating the UG part (Phase 3 of 3): 13-APR-2025  10:55:29 AM
! INFO-     Filing Part ..: C:\Users\kyle\Documents\GitHub\ME507\TERM PROJECT\CAD\Cam V2.1 v1.prt
! SUMMARY-   
! SUMMARY-  Summary of Unigraphics Part Entities
! SUMMARY-   
! SUMMARY-  Entities Processed             Count
! SUMMARY-  ------------------             -----
! SUMMARY-  Solid/Sheet .................:     1
! SUMMARY-                                 -----
! SUMMARY-  Total                              1
! INFO-      
! INFO-     Total number of solids input for this translation       :         1
! INFO-      
! INFO-     Number of solids created without body validation faults :         1
! INFO-      
! INFO-     Number of solids created with body validation fault(s)  :         0
! INFO-      
! INFO-     Number of solids ending up as sheet bodies              :         0
! INFO-      
! INFO-     End of Translation: 13-APR-2025  10:55:30 AM
! INFO-      
