STEP to UG
! INFO-     NX STEP AP214 - V2312.6001
! INFO-      
! INFO-     Start of Translation: 2-MAY-2025  8:03:38 PM
! INFO-      
! STATUS-   Converting Part: C:\Users\kyle\Downloads\no-nc-bump-switch-limit-switch-1.snapshot.1\NO-NC Bump Switch.step
! SUMMARY-   
! SUMMARY-    STEP Header Information
! SUMMARY-   
! SUMMARY-  Description      Unknown
! SUMMARY-  Imp_Level        2;1
! SUMMARY-  File_Name        NO-NC Bump Switch.step
! SUMMARY-  Date             2022-12-16T15:34:48-06:00
! SUMMARY-  Author           Unknown
! SUMMARY-  Organization     Unknown
! SUMMARY-  Pre_Version      ST-DEVELOPER v19.2
! SUMMARY-  Orig_System      Autodesk Translation Framework v11.17.0.187
! SUMMARY-  Authorization    Unknown
! SUMMARY-  Schema_ID        automotive_design
! SUMMARY-   
! SUMMARY-    Summary of STEP Entities
! SUMMARY-   
! SUMMARY-  Entity Type                                                   Count
! SUMMARY-  -----------                                                   ------
! SUMMARY-  advanced_face ..............................................:     75
! SUMMARY-  application_context ........................................:      1
! SUMMARY-  axis2_placement_3d .........................................:    106
! SUMMARY-  cartesian_point ............................................:    381
! SUMMARY-  circle .....................................................:     30
! SUMMARY-  closed_shell ...............................................:      7
! SUMMARY-  cylindrical_surface ........................................:     15
! SUMMARY-  direction ..................................................:    365
! SUMMARY-  edge_curve .................................................:    183
! SUMMARY-  edge_loop ..................................................:     91
! SUMMARY-  face_bound .................................................:     16
! SUMMARY-  face_outer_bound ...........................................:     75
! SUMMARY-  geometric_representation_context_and_global_uncertainty_a ..:      2
! SUMMARY-  length_unit_and_si_unit ....................................:      1
! SUMMARY-  line .......................................................:    153
! SUMMARY-  manifold_solid_brep ........................................:      7
! SUMMARY-  oriented_edge ..............................................:    366
! SUMMARY-  plane ......................................................:     60
! SUMMARY-  plane_angle_unit_and_si_unit ...............................:      1
! SUMMARY-  product ....................................................:      1
! SUMMARY-  product_context ............................................:      1
! SUMMARY-  product_definition .........................................:      1
! SUMMARY-  product_definition_context .................................:      1
! SUMMARY-  product_definition_formation ...............................:      1
! SUMMARY-  product_definition_shape ...................................:      1
! SUMMARY-  product_related_product_category ...........................:      1
! SUMMARY-  si_unit_and_solid_angle_unit ...............................:      1
! SUMMARY-  uncertainty_measure_with_unit ..............................:      2
! SUMMARY-  vector .....................................................:    153
! SUMMARY-  vertex_point ...............................................:    122
! SUMMARY-                                                               -------
! SUMMARY-  Total                                                           2220
! STATUS-    
! STATUS-   Converting to Output Form (Phase 2 of 3): 2-MAY-2025 8:03:38 PM
! STATUS-    
! STATUS-    
! STATUS-   Generating UG geometry and placing them in parts
! STATUS-    
! STATUS-   Creating the UG part (Phase 3 of 3): 2-MAY-2025  8:03:38 PM
! INFO-     Filing Part ..: C:\Users\kyle\Documents\GitHub\ME507\TERM PROJECT\CAD\NO-NC Bump Switch.prt
! SUMMARY-   
! SUMMARY-  Summary of Unigraphics Part Entities
! SUMMARY-   
! SUMMARY-  Entities Processed             Count
! SUMMARY-  ------------------             -----
! SUMMARY-  Solid/Sheet .................:     7
! SUMMARY-                                 -----
! SUMMARY-  Total                              7
! INFO-      
! INFO-     Total number of solids input for this translation       :         7
! INFO-      
! INFO-     Number of solids created without body validation faults :         7
! INFO-      
! INFO-     Number of solids created with body validation fault(s)  :         0
! INFO-      
! INFO-     Number of solids ending up as sheet bodies              :         0
! INFO-      
! INFO-     End of Translation: 2-MAY-2025  8:03:38 PM
! INFO-      
